{"contracts/NftMarketplace.sol":{"l":{"49":10,"50":10,"51":1,"53":9,"61":11,"62":11,"63":11,"64":1,"66":10,"70":6,"71":6,"72":1,"74":5,"86":8,"87":1,"93":7,"94":7,"95":1,"98":6,"101":6,"108":3,"110":3,"111":1,"119":2,"122":2,"124":2,"130":2,"141":1,"142":1,"154":1,"155":1,"159":2,"160":2,"161":1,"164":1,"165":1,"166":0,"175":2,"179":2},"path":"/home/mohdziyadc/hardhat/nft-marketplace/hardhat-nft-marketplace/contracts/NftMarketplace.sol","s":{"1":10,"2":10,"3":11,"4":11,"5":11,"6":6,"7":6,"8":8,"9":7,"10":7,"11":6,"12":3,"13":3,"14":2,"15":2,"16":1,"17":1,"18":2,"19":2,"20":1,"21":1,"22":2,"23":2},"b":{"1":[1,9],"2":[1,10],"3":[1,5],"4":[9,1],"5":[8,1],"6":[1,7],"7":[1,6],"8":[3,1],"9":[1,2],"10":[1,0],"11":[1,0],"12":[1,0],"13":[1,0],"14":[1,1],"15":[0,1]},"f":{"1":10,"2":11,"3":6,"4":8,"5":3,"6":1,"7":1,"8":2,"9":2,"10":2},"fnMap":{"1":{"name":"notListed","line":48,"loc":{"start":{"line":48,"column":4},"end":{"line":54,"column":4}}},"2":{"name":"isOwner","line":56,"loc":{"start":{"line":56,"column":4},"end":{"line":67,"column":4}}},"3":{"name":"isListed","line":69,"loc":{"start":{"line":69,"column":4},"end":{"line":75,"column":4}}},"4":{"name":"listItem","line":84,"loc":{"start":{"line":77,"column":4},"end":{"line":102,"column":4}}},"5":{"name":"buyItem","line":107,"loc":{"start":{"line":104,"column":4},"end":{"line":131,"column":4}}},"6":{"name":"cancelListing","line":139,"loc":{"start":{"line":133,"column":4},"end":{"line":143,"column":4}}},"7":{"name":"updateListing","line":152,"loc":{"start":{"line":145,"column":4},"end":{"line":156,"column":4}}},"8":{"name":"withdrawProceeds","line":158,"loc":{"start":{"line":158,"column":4},"end":{"line":168,"column":4}}},"9":{"name":"getListing","line":171,"loc":{"start":{"line":171,"column":4},"end":{"line":176,"column":4}}},"10":{"name":"getProceeds","line":178,"loc":{"start":{"line":178,"column":4},"end":{"line":180,"column":4}}}},"statementMap":{"1":{"start":{"line":49,"column":8},"end":{"line":49,"column":64}},"2":{"start":{"line":50,"column":8},"end":{"line":50,"column":1347}},"3":{"start":{"line":61,"column":8},"end":{"line":61,"column":41}},"4":{"start":{"line":62,"column":8},"end":{"line":62,"column":44}},"5":{"start":{"line":63,"column":8},"end":{"line":63,"column":1655}},"6":{"start":{"line":70,"column":8},"end":{"line":70,"column":64}},"7":{"start":{"line":71,"column":8},"end":{"line":71,"column":1888}},"8":{"start":{"line":86,"column":8},"end":{"line":86,"column":2213}},"9":{"start":{"line":93,"column":8},"end":{"line":93,"column":41}},"10":{"start":{"line":94,"column":8},"end":{"line":94,"column":2536}},"11":{"start":{"line":101,"column":8},"end":{"line":101,"column":63}},"12":{"start":{"line":108,"column":8},"end":{"line":108,"column":67}},"13":{"start":{"line":110,"column":8},"end":{"line":110,"column":3053}},"14":{"start":{"line":124,"column":8},"end":{"line":124,"column":3517}},"15":{"start":{"line":130,"column":8},"end":{"line":130,"column":74}},"16":{"start":{"line":142,"column":8},"end":{"line":142,"column":59}},"17":{"start":{"line":155,"column":8},"end":{"line":155,"column":66}},"18":{"start":{"line":159,"column":8},"end":{"line":159,"column":49}},"19":{"start":{"line":160,"column":8},"end":{"line":160,"column":4496}},"20":{"start":{"line":164,"column":8},"end":{"line":164,"column":72}},"21":{"start":{"line":165,"column":8},"end":{"line":165,"column":4659}},"22":{"start":{"line":175,"column":8},"end":{"line":175,"column":46}},"23":{"start":{"line":179,"column":8},"end":{"line":179,"column":33}}},"branchMap":{"1":{"line":50,"type":"if","locations":[{"start":{"line":50,"column":8},"end":{"line":50,"column":8}},{"start":{"line":50,"column":8},"end":{"line":50,"column":8}}]},"2":{"line":63,"type":"if","locations":[{"start":{"line":63,"column":8},"end":{"line":63,"column":8}},{"start":{"line":63,"column":8},"end":{"line":63,"column":8}}]},"3":{"line":71,"type":"if","locations":[{"start":{"line":71,"column":8},"end":{"line":71,"column":8}},{"start":{"line":71,"column":8},"end":{"line":71,"column":8}}]},"4":{"line":83,"type":"if","locations":[{"start":{"line":83,"column":8},"end":{"line":83,"column":8}},{"start":{"line":83,"column":8},"end":{"line":83,"column":8}}]},"5":{"line":84,"type":"if","locations":[{"start":{"line":84,"column":8},"end":{"line":84,"column":8}},{"start":{"line":84,"column":8},"end":{"line":84,"column":8}}]},"6":{"line":86,"type":"if","locations":[{"start":{"line":86,"column":8},"end":{"line":86,"column":8}},{"start":{"line":86,"column":8},"end":{"line":86,"column":8}}]},"7":{"line":94,"type":"if","locations":[{"start":{"line":94,"column":8},"end":{"line":94,"column":8}},{"start":{"line":94,"column":8},"end":{"line":94,"column":8}}]},"8":{"line":107,"type":"if","locations":[{"start":{"line":107,"column":23},"end":{"line":107,"column":23}},{"start":{"line":107,"column":23},"end":{"line":107,"column":23}}]},"9":{"line":110,"type":"if","locations":[{"start":{"line":110,"column":8},"end":{"line":110,"column":8}},{"start":{"line":110,"column":8},"end":{"line":110,"column":8}}]},"10":{"line":138,"type":"if","locations":[{"start":{"line":138,"column":8},"end":{"line":138,"column":8}},{"start":{"line":138,"column":8},"end":{"line":138,"column":8}}]},"11":{"line":139,"type":"if","locations":[{"start":{"line":139,"column":8},"end":{"line":139,"column":8}},{"start":{"line":139,"column":8},"end":{"line":139,"column":8}}]},"12":{"line":151,"type":"if","locations":[{"start":{"line":151,"column":8},"end":{"line":151,"column":8}},{"start":{"line":151,"column":8},"end":{"line":151,"column":8}}]},"13":{"line":152,"type":"if","locations":[{"start":{"line":152,"column":8},"end":{"line":152,"column":8}},{"start":{"line":152,"column":8},"end":{"line":152,"column":8}}]},"14":{"line":160,"type":"if","locations":[{"start":{"line":160,"column":8},"end":{"line":160,"column":8}},{"start":{"line":160,"column":8},"end":{"line":160,"column":8}}]},"15":{"line":165,"type":"if","locations":[{"start":{"line":165,"column":8},"end":{"line":165,"column":8}},{"start":{"line":165,"column":8},"end":{"line":165,"column":8}}]}}},"contracts/test/BasicNft.sol":{"l":{"12":3,"16":11,"17":11,"18":11,"24":1,"28":1},"path":"/home/mohdziyadc/hardhat/nft-marketplace/hardhat-nft-marketplace/contracts/test/BasicNft.sol","s":{"1":11,"2":11,"3":1,"4":1},"b":{},"f":{"1":3,"2":11,"3":1,"4":1},"fnMap":{"1":{"name":"constructor","line":11,"loc":{"start":{"line":11,"column":4},"end":{"line":13,"column":4}}},"2":{"name":"mintNft","line":15,"loc":{"start":{"line":15,"column":4},"end":{"line":19,"column":4}}},"3":{"name":"tokenURI","line":21,"loc":{"start":{"line":21,"column":4},"end":{"line":25,"column":4}}},"4":{"name":"getTokenCounter","line":27,"loc":{"start":{"line":27,"column":4},"end":{"line":29,"column":4}}}},"statementMap":{"1":{"start":{"line":16,"column":8},"end":{"line":16,"column":44}},"2":{"start":{"line":18,"column":8},"end":{"line":18,"column":29}},"3":{"start":{"line":24,"column":8},"end":{"line":24,"column":24}},"4":{"start":{"line":28,"column":8},"end":{"line":28,"column":29}}},"branchMap":{}}}