TN:
SF:/home/mohdziyadc/hardhat/nft-marketplace/hardhat-nft-marketplace/contracts/NftMarketplace.sol
FN:48,notListed
FN:56,isOwner
FN:69,isListed
FN:84,listItem
FN:107,buyItem
FN:139,cancelListing
FN:152,updateListing
FN:158,withdrawProceeds
FN:171,getListing
FN:178,getProceeds
FNF:10
FNH:10
FNDA:10,notListed
FNDA:11,isOwner
FNDA:6,isListed
FNDA:8,listItem
FNDA:3,buyItem
FNDA:1,cancelListing
FNDA:1,updateListing
FNDA:2,withdrawProceeds
FNDA:2,getListing
FNDA:2,getProceeds
DA:49,10
DA:50,10
DA:51,1
DA:53,9
DA:61,11
DA:62,11
DA:63,11
DA:64,1
DA:66,10
DA:70,6
DA:71,6
DA:72,1
DA:74,5
DA:86,8
DA:87,1
DA:93,7
DA:94,7
DA:95,1
DA:98,6
DA:101,6
DA:108,3
DA:110,3
DA:111,1
DA:119,2
DA:122,2
DA:124,2
DA:130,2
DA:141,1
DA:142,1
DA:154,1
DA:155,1
DA:159,2
DA:160,2
DA:161,1
DA:164,1
DA:165,1
DA:166,0
DA:175,2
DA:179,2
LF:39
LH:38
BRDA:50,1,0,1
BRDA:50,1,1,9
BRDA:63,2,0,1
BRDA:63,2,1,10
BRDA:71,3,0,1
BRDA:71,3,1,5
BRDA:83,4,0,9
BRDA:83,4,1,1
BRDA:84,5,0,8
BRDA:84,5,1,1
BRDA:86,6,0,1
BRDA:86,6,1,7
BRDA:94,7,0,1
BRDA:94,7,1,6
BRDA:107,8,0,3
BRDA:107,8,1,1
BRDA:110,9,0,1
BRDA:110,9,1,2
BRDA:138,10,0,1
BRDA:138,10,1,0
BRDA:139,11,0,1
BRDA:139,11,1,0
BRDA:151,12,0,1
BRDA:151,12,1,0
BRDA:152,13,0,1
BRDA:152,13,1,0
BRDA:160,14,0,1
BRDA:160,14,1,1
BRDA:165,15,0,0
BRDA:165,15,1,1
BRF:30
BRH:25
end_of_record
TN:
SF:/home/mohdziyadc/hardhat/nft-marketplace/hardhat-nft-marketplace/contracts/test/BasicNft.sol
FN:11,constructor
FN:15,mintNft
FN:21,tokenURI
FN:27,getTokenCounter
FNF:4
FNH:4
FNDA:3,constructor
FNDA:11,mintNft
FNDA:1,tokenURI
FNDA:1,getTokenCounter
DA:12,3
DA:16,11
DA:17,11
DA:18,11
DA:24,1
DA:28,1
LF:6
LH:6
BRF:0
BRH:0
end_of_record
